{"/Users/emily-alicemsesto/Documents/Projects/test/chitter-front-end/models/peepViewController.js": {"path":"/Users/emily-alicemsesto/Documents/Projects/test/chitter-front-end/models/peepViewController.js","statementMap":{"0":{"start":{"line":3,"column":4},"end":{"line":11,"column":5}},"1":{"start":{"line":4,"column":21},"end":{"line":6,"column":7}},"2":{"start":{"line":7,"column":19},"end":{"line":7,"column":38}},"3":{"start":{"line":9,"column":6},"end":{"line":9,"column":20}},"4":{"start":{"line":10,"column":6},"end":{"line":10,"column":18}}},"fnMap":{"0":{"name":"(anonymous_0)","decl":{"start":{"line":2,"column":2},"end":{"line":2,"column":3}},"loc":{"start":{"line":2,"column":19},"end":{"line":12,"column":3}},"line":2}},"branchMap":{},"s":{"0":1,"1":1,"2":1,"3":0,"4":0},"f":{"0":1},"b":{},"_coverageSchema":"1a1c01bbd47fc00a2c39e90264f33305004495a9","hash":"fe5675b80dcd0d945b4f8a6a868671521b4f7fc3"}
}
